<?xml version="1.0" encoding="UTF-8"?>
<coverage generated="1780426263949" clover="3.2.0">
  <project timestamp="1780426263949" name="All files">
    <metrics statements="16" coveredstatements="14" conditionals="25" coveredconditionals="22" methods="1" coveredmethods="1" elements="42" coveredelements="37" complexity="0" loc="16" ncloc="16" packages="1" files="1" classes="1"/>
    <file name="registroProducto.js" path="C:\Users\Estudiantes\Documents\TrabajoIndividual\src\test\registroProducto.js">
      <metrics statements="16" coveredstatements="14" conditionals="25" coveredconditionals="22" methods="1" coveredmethods="1"/>
      <line num="3" count="5" type="stmt"/>
      <line num="6" count="5" type="cond" truecount="2" falsecount="0"/>
      <line num="13" count="1" type="stmt"/>
      <line num="17" count="4" type="stmt"/>
      <line num="18" count="4" type="cond" truecount="1" falsecount="1"/>
      <line num="19" count="0" type="stmt"/>
      <line num="26" count="4" type="cond" truecount="4" falsecount="0"/>
      <line num="27" count="1" type="stmt"/>
      <line num="34" count="3" type="cond" truecount="4" falsecount="0"/>
      <line num="35" count="1" type="stmt"/>
      <line num="42" count="2" type="cond" truecount="4" falsecount="0"/>
      <line num="43" count="1" type="stmt"/>
      <line num="50" count="1" type="cond" truecount="2" falsecount="2"/>
      <line num="51" count="0" type="stmt"/>
      <line num="57" count="1" type="stmt"/>
      <line num="60" count="1" type="stmt"/>
    </file>
  </project>
</coverage>
