TN:
SF:src\test\registroProducto.js
FN:1,registroproducto
FNF:1
FNH:1
FNDA:5,registroproducto
DA:3,5
DA:6,5
DA:13,1
DA:17,4
DA:18,4
DA:19,0
DA:26,4
DA:27,1
DA:34,3
DA:35,1
DA:42,2
DA:43,1
DA:50,1
DA:51,0
DA:57,1
DA:60,1
LF:16
LH:14
BRDA:6,0,0,1
BRDA:6,0,1,4
BRDA:7,1,0,5
BRDA:7,1,1,4
BRDA:7,1,2,4
BRDA:7,1,3,4
BRDA:7,1,4,4
BRDA:18,2,0,0
BRDA:18,2,1,4
BRDA:26,3,0,1
BRDA:26,3,1,3
BRDA:26,4,0,4
BRDA:26,4,1,4
BRDA:34,5,0,1
BRDA:34,5,1,2
BRDA:34,6,0,3
BRDA:34,6,1,3
BRDA:42,7,0,1
BRDA:42,7,1,1
BRDA:42,8,0,2
BRDA:42,8,1,1
BRDA:50,9,0,0
BRDA:50,9,1,1
BRDA:50,10,0,1
BRDA:50,10,1,0
BRF:25
BRH:22
end_of_record
